This file contains any messages produced by compilers while
running configure, to aid debugging if configure makes a mistake.

It was created by Icecast configure 2.4.4, which was
generated by GNU Autoconf 2.69.  Invocation command line was

  $ ./configure 

## --------- ##
## Platform. ##
## --------- ##

hostname = c3a679ea99b1
uname -m = x86_64
uname -r = 5.4.0-96-generic
uname -s = Linux
uname -v = #109-Ubuntu SMP Wed Jan 12 16:49:16 UTC 2022

/usr/bin/uname -p = x86_64
/bin/uname -X     = unknown

/bin/arch              = x86_64
/usr/bin/arch -k       = unknown
/usr/convex/getsysinfo = unknown
/usr/bin/hostinfo      = unknown
/bin/machine           = unknown
/usr/bin/oslevel       = unknown
/bin/universe          = unknown

PATH: /usr/local/sbin
PATH: /usr/local/bin
PATH: /usr/sbin
PATH: /usr/bin
PATH: /sbin
PATH: /bin
PATH: /home/arunman_rb32/checked_c_clang/checkedc-clang/build/bin
PATH: /home/arunman_rb32/CheckedC_with_RLBox/RL-C-Prototype/include/emsdk
PATH: /home/arunman_rb32/CheckedC_with_RLBox/RL-C-Prototype/prebuilt_binaries/wasm_wabt
PATH: /usr/include/libxml2
PATH: /home/arunman_rb32/simple_rlbox


## ----------- ##
## Core tests. ##
## ----------- ##

configure:2504: checking for a BSD-compatible install
configure:2572: result: /usr/bin/install -c
configure:2583: checking whether build environment is sane
configure:2638: result: yes
configure:2787: checking for a thread-safe mkdir -p
configure:2826: result: /usr/bin/mkdir -p
configure:2833: checking for gawk
configure:2863: result: no
configure:2833: checking for mawk
configure:2849: found /usr/bin/mawk
configure:2860: result: mawk
configure:2871: checking whether make sets $(MAKE)
configure:2893: result: yes
configure:2922: checking whether make supports nested variables
configure:2939: result: yes
configure:3068: checking whether to enable maintainer-specific portions of Makefiles
configure:3077: result: no
configure:3139: checking for gcc
configure:3155: found /usr/bin/gcc
configure:3166: result: gcc
configure:3395: checking for C compiler version
configure:3404: gcc --version >&5
gcc (Ubuntu 9.3.0-17ubuntu1~20.04) 9.3.0
Copyright (C) 2019 Free Software Foundation, Inc.
This is free software; see the source for copying conditions.  There is NO
warranty; not even for MERCHANTABILITY or FITNESS FOR A PARTICULAR PURPOSE.

configure:3415: $? = 0
configure:3404: gcc -v >&5
Using built-in specs.
COLLECT_GCC=gcc
COLLECT_LTO_WRAPPER=/usr/lib/gcc/x86_64-linux-gnu/9/lto-wrapper
OFFLOAD_TARGET_NAMES=nvptx-none:hsa
OFFLOAD_TARGET_DEFAULT=1
Target: x86_64-linux-gnu
Configured with: ../src/configure -v --with-pkgversion='Ubuntu 9.3.0-17ubuntu1~20.04' --with-bugurl=file:///usr/share/doc/gcc-9/README.Bugs --enable-languages=c,ada,c++,go,brig,d,fortran,objc,obj-c++,gm2 --prefix=/usr --with-gcc-major-version-only --program-suffix=-9 --program-prefix=x86_64-linux-gnu- --enable-shared --enable-linker-build-id --libexecdir=/usr/lib --without-included-gettext --enable-threads=posix --libdir=/usr/lib --enable-nls --enable-clocale=gnu --enable-libstdcxx-debug --enable-libstdcxx-time=yes --with-default-libstdcxx-abi=new --enable-gnu-unique-object --disable-vtable-verify --enable-plugin --enable-default-pie --with-system-zlib --with-target-system-zlib=auto --enable-objc-gc=auto --enable-multiarch --disable-werror --with-arch-32=i686 --with-abi=m64 --with-multilib-list=m32,m64,mx32 --enable-multilib --with-tune=generic --enable-offload-targets=nvptx-none=/build/gcc-9-HskZEa/gcc-9-9.3.0/debian/tmp-nvptx/usr,hsa --without-cuda-driver --enable-checking=release --build=x86_64-linux-gnu --host=x86_64-linux-gnu --target=x86_64-linux-gnu
Thread model: posix
gcc version 9.3.0 (Ubuntu 9.3.0-17ubuntu1~20.04) 
configure:3415: $? = 0
configure:3404: gcc -V >&5
gcc: error: unrecognized command line option '-V'
gcc: fatal error: no input files
compilation terminated.
configure:3415: $? = 1
configure:3404: gcc -qversion >&5
gcc: error: unrecognized command line option '-qversion'; did you mean '--version'?
gcc: fatal error: no input files
compilation terminated.
configure:3415: $? = 1
configure:3435: checking whether the C compiler works
configure:3457: gcc    conftest.c  >&5
configure:3461: $? = 0
configure:3509: result: yes
configure:3512: checking for C compiler default output file name
configure:3514: result: a.out
configure:3520: checking for suffix of executables
configure:3527: gcc -o conftest    conftest.c  >&5
configure:3531: $? = 0
configure:3553: result: 
configure:3575: checking whether we are cross compiling
configure:3583: gcc -o conftest    conftest.c  >&5
configure:3587: $? = 0
configure:3594: ./conftest
configure:3598: $? = 0
configure:3586: result: no
configure:3591: checking for suffix of object files
configure:3613: gcc -c   conftest.c >&5
configure:3617: $? = 0
configure:3638: result: o
configure:3642: checking whether we are using the GNU C compiler
configure:3661: gcc -c   conftest.c >&5
configure:3661: $? = 0
configure:3670: result: yes
configure:3679: checking whether gcc accepts -g
configure:3699: gcc -c -g  conftest.c >&5
configure:3699: $? = 0
configure:3740: result: yes
configure:3757: checking for gcc option to accept ISO C89
configure:3820: gcc  -c -g -O2  conftest.c >&5
configure:3820: $? = 0
configure:3833: result: none needed
configure:3858: checking whether gcc understands -c and -o together
configure:3880: gcc -c conftest.c -o conftest2.o
configure:3883: $? = 0
configure:3880: gcc -c conftest.c -o conftest2.o
configure:3883: $? = 0
configure:3895: result: yes
configure:3915: checking whether make supports the include directive
configure:3930: make -f confmf.GNU && cat confinc.out
this is the am__doit target
configure:3933: $? = 0
configure:3952: result: yes (GNU style)
configure:3977: checking dependency style of gcc
configure:4088: result: gcc3
configure:4107: checking build system type
configure:4121: result: x86_64-pc-linux-gnu
configure:4141: checking host system type
configure:4154: result: x86_64-pc-linux-gnu
configure:4220: checking how to print strings
configure:4247: result: printf
configure:4268: checking for a sed that does not truncate output
configure:4332: result: /usr/bin/sed
configure:4350: checking for grep that handles long lines and -e
configure:4408: result: /usr/bin/grep
configure:4413: checking for egrep
configure:4475: result: /usr/bin/grep -E
configure:4480: checking for fgrep
configure:4542: result: /usr/bin/grep -F
configure:4577: checking for ld used by gcc
configure:4644: result: /usr/bin/ld
configure:4651: checking if the linker (/usr/bin/ld) is GNU ld
configure:4666: result: yes
configure:4678: checking for BSD- or MS-compatible name lister (nm)
configure:4732: result: /usr/bin/nm -B
configure:4862: checking the name lister (/usr/bin/nm -B) interface
configure:4869: gcc -c -g -O2  conftest.c >&5
configure:4872: /usr/bin/nm -B "conftest.o"
configure:4875: output
0000000000000000 B some_variable
configure:4876: result: BSD nm
configure:4879: checking whether ln -s works
configure:4883: result: yes
configure:4891: checking the maximum length of command line arguments
configure:5022: result: 1572864
configure:5070: checking how to convert x86_64-pc-linux-gnu file names to x86_64-pc-linux-gnu format
configure:5110: result: func_convert_file_noop
configure:5117: checking how to convert x86_64-pc-linux-gnu file names to toolchain format
configure:5137: result: func_convert_file_noop
configure:5144: checking for /usr/bin/ld option to reload object files
configure:5151: result: -r
configure:5225: checking for objdump
configure:5241: found /usr/bin/objdump
configure:5252: result: objdump
configure:5284: checking how to recognize dependent libraries
configure:5484: result: pass_all
configure:5569: checking for dlltool
configure:5599: result: no
configure:5629: checking how to associate runtime and link libraries
configure:5656: result: printf %s\n
configure:5717: checking for ar
configure:5733: found /usr/bin/ar
configure:5744: result: ar
configure:5781: checking for archiver @FILE support
configure:5798: gcc -c -g -O2  conftest.c >&5
configure:5798: $? = 0
configure:5801: ar cru libconftest.a @conftest.lst >&5
ar: `u' modifier ignored since `D' is the default (see `U')
configure:5804: $? = 0
configure:5809: ar cru libconftest.a @conftest.lst >&5
ar: `u' modifier ignored since `D' is the default (see `U')
ar: conftest.o: No such file or directory
configure:5812: $? = 1
configure:5811: result: @
configure:5869: checking for strip
configure:5885: found /usr/bin/strip
configure:5896: result: strip
configure:5968: checking for ranlib
configure:5984: found /usr/bin/ranlib
configure:5995: result: ranlib
configure:6097: checking command to parse /usr/bin/nm -B output from gcc object
configure:6250: gcc -c -g -O2  conftest.c >&5
configure:6253: $? = 0
configure:6257: /usr/bin/nm -B conftest.o | sed -n -e 's/^.*[	 ]\([ABCDGIRSTW][ABCDGIRSTW]*\)[	 ][	 ]*\([_A-Za-z][_A-Za-z0-9]*\)$/\1 \2 \2/p' | sed '/ __gnu_lto/d' > conftest.nm
configure:6323: gcc -o conftest -g -O2   conftest.c conftstm.o >&5
configure:6326: $? = 0
configure:6364: result: ok
configure:6411: checking for sysroot
configure:6441: result: no
configure:6448: checking for a working dd
configure:6486: result: /usr/bin/dd
configure:6490: checking how to truncate binary pipes
configure:6505: result: /usr/bin/dd bs=4096 count=1
configure:6641: gcc -c -g -O2  conftest.c >&5
configure:6644: $? = 0
configure:6834: checking for mt
configure:6864: result: no
configure:6884: checking if : is a manifest tool
configure:6890: : '-?'
configure:6898: result: no
configure:7575: checking how to run the C preprocessor
configure:7606: gcc -E  conftest.c
configure:7606: $? = 0
configure:7620: gcc -E  conftest.c
conftest.c:11:10: fatal error: ac_nonexistent.h: No such file or directory
   11 | #include <ac_nonexistent.h>
      |          ^~~~~~~~~~~~~~~~~~
compilation terminated.
configure:7620: $? = 1
configure: failed program was:
| /* confdefs.h */
| #define PACKAGE_NAME "Icecast"
| #define PACKAGE_TARNAME "icecast"
| #define PACKAGE_VERSION "2.4.4"
| #define PACKAGE_STRING "Icecast 2.4.4"
| #define PACKAGE_BUGREPORT "icecast@xiph.org"
| #define PACKAGE_URL ""
| #define PACKAGE "icecast"
| #define VERSION "2.4.4"
| /* end confdefs.h.  */
| #include <ac_nonexistent.h>
configure:7645: result: gcc -E
configure:7665: gcc -E  conftest.c
configure:7665: $? = 0
configure:7679: gcc -E  conftest.c
conftest.c:11:10: fatal error: ac_nonexistent.h: No such file or directory
   11 | #include <ac_nonexistent.h>
      |          ^~~~~~~~~~~~~~~~~~
compilation terminated.
configure:7679: $? = 1
configure: failed program was:
| /* confdefs.h */
| #define PACKAGE_NAME "Icecast"
| #define PACKAGE_TARNAME "icecast"
| #define PACKAGE_VERSION "2.4.4"
| #define PACKAGE_STRING "Icecast 2.4.4"
| #define PACKAGE_BUGREPORT "icecast@xiph.org"
| #define PACKAGE_URL ""
| #define PACKAGE "icecast"
| #define VERSION "2.4.4"
| /* end confdefs.h.  */
| #include <ac_nonexistent.h>
configure:7708: checking for ANSI C header files
configure:7728: gcc -c -g -O2  conftest.c >&5
configure:7728: $? = 0
configure:7801: gcc -o conftest -g -O2   conftest.c  >&5
configure:7801: $? = 0
configure:7801: ./conftest
configure:7801: $? = 0
configure:7812: result: yes
configure:7825: checking for sys/types.h
configure:7825: gcc -c -g -O2  conftest.c >&5
configure:7825: $? = 0
configure:7825: result: yes
configure:7825: checking for sys/stat.h
configure:7825: gcc -c -g -O2  conftest.c >&5
configure:7825: $? = 0
configure:7825: result: yes
configure:7825: checking for stdlib.h
configure:7825: gcc -c -g -O2  conftest.c >&5
configure:7825: $? = 0
configure:7825: result: yes
configure:7825: checking for string.h
configure:7825: gcc -c -g -O2  conftest.c >&5
configure:7825: $? = 0
configure:7825: result: yes
configure:7825: checking for memory.h
configure:7825: gcc -c -g -O2  conftest.c >&5
configure:7825: $? = 0
configure:7825: result: yes
configure:7825: checking for strings.h
configure:7825: gcc -c -g -O2  conftest.c >&5
configure:7825: $? = 0
configure:7825: result: yes
configure:7825: checking for inttypes.h
configure:7825: gcc -c -g -O2  conftest.c >&5
configure:7825: $? = 0
configure:7825: result: yes
configure:7825: checking for stdint.h
configure:7825: gcc -c -g -O2  conftest.c >&5
configure:7825: $? = 0
configure:7825: result: yes
configure:7825: checking for unistd.h
configure:7825: gcc -c -g -O2  conftest.c >&5
configure:7825: $? = 0
configure:7825: result: yes
configure:7839: checking for dlfcn.h
configure:7839: gcc -c -g -O2  conftest.c >&5
configure:7839: $? = 0
configure:7839: result: yes
configure:8095: checking for objdir
configure:8110: result: .libs
configure:8374: checking if gcc supports -fno-rtti -fno-exceptions
configure:8392: gcc -c -g -O2  -fno-rtti -fno-exceptions conftest.c >&5
cc1: warning: command line option '-fno-rtti' is valid for C++/D/ObjC++ but not for C
configure:8396: $? = 0
configure:8409: result: no
configure:8767: checking for gcc option to produce PIC
configure:8774: result: -fPIC -DPIC
configure:8782: checking if gcc PIC flag -fPIC -DPIC works
configure:8800: gcc -c -g -O2  -fPIC -DPIC -DPIC conftest.c >&5
configure:8804: $? = 0
configure:8817: result: yes
configure:8846: checking if gcc static flag -static works
configure:8874: result: yes
configure:8889: checking if gcc supports -c -o file.o
configure:8910: gcc -c -g -O2  -o out/conftest2.o conftest.c >&5
configure:8914: $? = 0
configure:8936: result: yes
configure:8944: checking if gcc supports -c -o file.o
configure:8991: result: yes
configure:9024: checking whether the gcc linker (/usr/bin/ld -m elf_x86_64) supports shared libraries
configure:10287: result: yes
configure:10324: checking whether -lc should be explicitly linked in
configure:10332: gcc -c -g -O2  conftest.c >&5
configure:10335: $? = 0
configure:10350: gcc -shared  -fPIC -DPIC conftest.o  -v -Wl,-soname -Wl,conftest -o conftest 2\>\&1 \| /usr/bin/grep  -lc  \>/dev/null 2\>\&1
configure:10353: $? = 0
configure:10367: result: no
configure:10527: checking dynamic linker characteristics
configure:11108: gcc -o conftest -g -O2   -Wl,-rpath -Wl,/foo conftest.c  >&5
configure:11108: $? = 0
configure:11357: result: GNU/Linux ld.so
configure:11479: checking how to hardcode library paths into programs
configure:11504: result: immediate
configure:12052: checking whether stripping libraries is possible
configure:12057: result: yes
configure:12092: checking if libtool supports shared libraries
configure:12094: result: yes
configure:12097: checking whether to build shared libraries
configure:12122: result: yes
configure:12125: checking whether to build static libraries
configure:12129: result: yes
configure:8949: checking for special C compiler options needed for large files
configure:8994: result: no
configure:9000: checking for _FILE_OFFSET_BITS value needed for large files
configure:9025: gcc -c -g -O2  conftest.c >&5
configure:9025: $? = 0
configure:9057: result: no
configure:9158: checking for ANSI C header files
configure:9262: result: yes
configure:9270: checking whether time.h and sys/time.h may both be included
configure:9290: gcc -c -g -O2  conftest.c >&5
configure:9290: $? = 0
configure:9297: result: yes
configure:9309: checking alloca.h usability
configure:9309: gcc -c -g -O2  conftest.c >&5
configure:9309: $? = 0
configure:9309: result: yes
configure:9309: checking alloca.h presence
configure:9309: gcc -E  conftest.c
configure:9309: $? = 0
configure:9309: result: yes
configure:9309: checking for alloca.h
configure:9309: result: yes
configure:9309: checking sys/timeb.h usability
configure:9309: gcc -c -g -O2  conftest.c >&5
configure:9309: $? = 0
configure:9309: result: yes
configure:9309: checking sys/timeb.h presence
configure:9309: gcc -E  conftest.c
configure:9309: $? = 0
configure:9309: result: yes
configure:9309: checking for sys/timeb.h
configure:9309: result: yes
configure:9322: checking for pwd.h
configure:9322: gcc -c -g -O2  conftest.c >&5
configure:9322: $? = 0
configure:9322: result: yes
configure:9322: checking for unistd.h
configure:9322: result: yes
configure:9322: checking for grp.h
configure:9322: gcc -c -g -O2  conftest.c >&5
configure:9322: $? = 0
configure:9322: result: yes
configure:9322: checking for sys/types.h
configure:9322: result: yes
configure:9335: checking for setuid
configure:9335: gcc -o conftest -g -O2   conftest.c  >&5
configure:9335: $? = 0
configure:9335: result: yes
configure:9346: checking for chroot
configure:9346: gcc -o conftest -g -O2   conftest.c  >&5
configure:9346: $? = 0
configure:9346: result: yes
configure:9357: checking for chown
configure:9357: gcc -o conftest -g -O2   conftest.c  >&5
configure:9357: $? = 0
configure:9357: result: yes
configure:9368: checking for strcasestr
configure:9368: gcc -o conftest -g -O2   conftest.c  >&5
configure:9368: $? = 0
configure:9368: result: yes
configure:9378: checking for __func__
configure:9391: gcc -c -g -O2  conftest.c >&5
configure:9391: $? = 0
configure:9392: result: yes
configure:9429: checking for localtime_r
configure:9429: gcc -o conftest -g -O2   conftest.c  >&5
configure:9429: $? = 0
configure:9429: result: yes
configure:9429: checking for poll
configure:9429: gcc -o conftest -g -O2   conftest.c  >&5
configure:9429: $? = 0
configure:9429: result: yes
configure:9429: checking for gettimeofday
configure:9429: gcc -o conftest -g -O2   conftest.c  >&5
configure:9429: $? = 0
configure:9429: result: yes
configure:9429: checking for ftime
configure:9429: gcc -o conftest -g -O2   conftest.c  >&5
configure:9429: $? = 0
configure:9429: result: yes
configure:9438: checking for library containing nanosleep
configure:9469: gcc -o conftest -g -O2   conftest.c  >&5
configure:9469: $? = 0
configure:9486: result: none required
configure:9498: checking sys/socket.h usability
configure:9498: gcc -c -g -O2  conftest.c >&5
configure:9498: $? = 0
configure:9498: result: yes
configure:9498: checking sys/socket.h presence
configure:9498: gcc -E  conftest.c
configure:9498: $? = 0
configure:9498: result: yes
configure:9498: checking for sys/socket.h
configure:9498: result: yes
configure:9508: checking for socklen_t
configure:9508: gcc -c -g -O2  conftest.c >&5
configure:9508: $? = 0
configure:9508: gcc -c -g -O2  conftest.c >&5
conftest.c: In function 'main':
conftest.c:53:24: error: expected expression before ')' token
   53 | if (sizeof ((socklen_t)))
      |                        ^
configure:9508: $? = 1
configure: failed program was:
| /* confdefs.h */
| #define PACKAGE_NAME "Icecast"
| #define PACKAGE_TARNAME "icecast"
| #define PACKAGE_VERSION "2.4.4"
| #define PACKAGE_STRING "Icecast 2.4.4"
| #define PACKAGE_BUGREPORT "icecast@xiph.org"
| #define PACKAGE_URL ""
| #define PACKAGE "icecast"
| #define VERSION "2.4.4"
| #define STDC_HEADERS 1
| #define HAVE_SYS_TYPES_H 1
| #define HAVE_SYS_STAT_H 1
| #define HAVE_STDLIB_H 1
| #define HAVE_STRING_H 1
| #define HAVE_MEMORY_H 1
| #define HAVE_STRINGS_H 1
| #define HAVE_INTTYPES_H 1
| #define HAVE_STDINT_H 1
| #define HAVE_UNISTD_H 1
| #define HAVE_DLFCN_H 1
| #define LT_OBJDIR ".libs/"
| #undef _GNU_SOURCE
| #define STDC_HEADERS 1
| #define TIME_WITH_SYS_TIME 1
| #define HAVE_ALLOCA_H 1
| #define HAVE_SYS_TIMEB_H 1
| #define HAVE_PWD_H 1
| #define HAVE_UNISTD_H 1
| #define HAVE_GRP_H 1
| #define HAVE_SYS_TYPES_H 1
| #define HAVE_SETUID 1
| #define HAVE_CHROOT 1
| #define HAVE_CHOWN 1
| #define HAVE_STRCASESTR 1
| #define HAVE_LOCALTIME_R 1
| #define HAVE_POLL 1
| #define HAVE_GETTIMEOFDAY 1
| #define HAVE_FTIME 1
| #define HAVE_NANOSLEEP 1
| #define HAVE_SYS_SOCKET_H 1
| /* end confdefs.h.  */
| #if HAVE_SYS_TYPES_H
| # include <sys/types.h>
| #endif
| #if HAVE_SYS_SOCKET_H
| # include <sys/socket.h>
| #endif
| 
| 
| int
| main ()
| {
| if (sizeof ((socklen_t)))
| 	    return 0;
|   ;
|   return 0;
| }
configure:9508: result: yes
configure:9527: checking for va_copy
configure:9540: gcc -o conftest -g -O2   conftest.c  >&5
configure:9540: $? = 0
configure:9541: result: va_copy
configure:9580: checking sys/select.h usability
configure:9580: gcc -c -g -O2  conftest.c >&5
configure:9580: $? = 0
configure:9580: result: yes
configure:9580: checking sys/select.h presence
configure:9580: gcc -E  conftest.c
configure:9580: $? = 0
configure:9580: result: yes
configure:9580: checking for sys/select.h
configure:9580: result: yes
configure:9580: checking sys/uio.h usability
configure:9580: gcc -c -g -O2  conftest.c >&5
configure:9580: $? = 0
configure:9580: result: yes
configure:9580: checking sys/uio.h presence
configure:9580: gcc -E  conftest.c
configure:9580: $? = 0
configure:9580: result: yes
configure:9580: checking for sys/uio.h
configure:9580: result: yes
configure:9590: checking winsock2.h usability
configure:9590: gcc -c -g -O2  conftest.c >&5
conftest.c:78:10: fatal error: winsock2.h: No such file or directory
   78 | #include <winsock2.h>
      |          ^~~~~~~~~~~~
compilation terminated.
configure:9590: $? = 1
configure: failed program was:
| /* confdefs.h */
| #define PACKAGE_NAME "Icecast"
| #define PACKAGE_TARNAME "icecast"
| #define PACKAGE_VERSION "2.4.4"
| #define PACKAGE_STRING "Icecast 2.4.4"
| #define PACKAGE_BUGREPORT "icecast@xiph.org"
| #define PACKAGE_URL ""
| #define PACKAGE "icecast"
| #define VERSION "2.4.4"
| #define STDC_HEADERS 1
| #define HAVE_SYS_TYPES_H 1
| #define HAVE_SYS_STAT_H 1
| #define HAVE_STDLIB_H 1
| #define HAVE_STRING_H 1
| #define HAVE_MEMORY_H 1
| #define HAVE_STRINGS_H 1
| #define HAVE_INTTYPES_H 1
| #define HAVE_STDINT_H 1
| #define HAVE_UNISTD_H 1
| #define HAVE_DLFCN_H 1
| #define LT_OBJDIR ".libs/"
| #undef _GNU_SOURCE
| #define STDC_HEADERS 1
| #define TIME_WITH_SYS_TIME 1
| #define HAVE_ALLOCA_H 1
| #define HAVE_SYS_TIMEB_H 1
| #define HAVE_PWD_H 1
| #define HAVE_UNISTD_H 1
| #define HAVE_GRP_H 1
| #define HAVE_SYS_TYPES_H 1
| #define HAVE_SETUID 1
| #define HAVE_CHROOT 1
| #define HAVE_CHOWN 1
| #define HAVE_STRCASESTR 1
| #define HAVE_LOCALTIME_R 1
| #define HAVE_POLL 1
| #define HAVE_GETTIMEOFDAY 1
| #define HAVE_FTIME 1
| #define HAVE_NANOSLEEP 1
| #define HAVE_SYS_SOCKET_H 1
| #define HAVE_SOCKLEN_T 1
| #define HAVE_SYS_SELECT_H 1
| #define HAVE_SYS_UIO_H 1
| /* end confdefs.h.  */
| #include <stdio.h>
| #ifdef HAVE_SYS_TYPES_H
| # include <sys/types.h>
| #endif
| #ifdef HAVE_SYS_STAT_H
| # include <sys/stat.h>
| #endif
| #ifdef STDC_HEADERS
| # include <stdlib.h>
| # include <stddef.h>
| #else
| # ifdef HAVE_STDLIB_H
| #  include <stdlib.h>
| # endif
| #endif
| #ifdef HAVE_STRING_H
| # if !defined STDC_HEADERS && defined HAVE_MEMORY_H
| #  include <memory.h>
| # endif
| # include <string.h>
| #endif
| #ifdef HAVE_STRINGS_H
| # include <strings.h>
| #endif
| #ifdef HAVE_INTTYPES_H
| # include <inttypes.h>
| #endif
| #ifdef HAVE_STDINT_H
| # include <stdint.h>
| #endif
| #ifdef HAVE_UNISTD_H
| # include <unistd.h>
| #endif
| #include <winsock2.h>
configure:9590: result: no
configure:9590: checking winsock2.h presence
configure:9590: gcc -E  conftest.c
conftest.c:45:10: fatal error: winsock2.h: No such file or directory
   45 | #include <winsock2.h>
      |          ^~~~~~~~~~~~
compilation terminated.
configure:9590: $? = 1
configure: failed program was:
| /* confdefs.h */
| #define PACKAGE_NAME "Icecast"
| #define PACKAGE_TARNAME "icecast"
| #define PACKAGE_VERSION "2.4.4"
| #define PACKAGE_STRING "Icecast 2.4.4"
| #define PACKAGE_BUGREPORT "icecast@xiph.org"
| #define PACKAGE_URL ""
| #define PACKAGE "icecast"
| #define VERSION "2.4.4"
| #define STDC_HEADERS 1
| #define HAVE_SYS_TYPES_H 1
| #define HAVE_SYS_STAT_H 1
| #define HAVE_STDLIB_H 1
| #define HAVE_STRING_H 1
| #define HAVE_MEMORY_H 1
| #define HAVE_STRINGS_H 1
| #define HAVE_INTTYPES_H 1
| #define HAVE_STDINT_H 1
| #define HAVE_UNISTD_H 1
| #define HAVE_DLFCN_H 1
| #define LT_OBJDIR ".libs/"
| #undef _GNU_SOURCE
| #define STDC_HEADERS 1
| #define TIME_WITH_SYS_TIME 1
| #define HAVE_ALLOCA_H 1
| #define HAVE_SYS_TIMEB_H 1
| #define HAVE_PWD_H 1
| #define HAVE_UNISTD_H 1
| #define HAVE_GRP_H 1
| #define HAVE_SYS_TYPES_H 1
| #define HAVE_SETUID 1
| #define HAVE_CHROOT 1
| #define HAVE_CHOWN 1
| #define HAVE_STRCASESTR 1
| #define HAVE_LOCALTIME_R 1
| #define HAVE_POLL 1
| #define HAVE_GETTIMEOFDAY 1
| #define HAVE_FTIME 1
| #define HAVE_NANOSLEEP 1
| #define HAVE_SYS_SOCKET_H 1
| #define HAVE_SOCKLEN_T 1
| #define HAVE_SYS_SELECT_H 1
| #define HAVE_SYS_UIO_H 1
| /* end confdefs.h.  */
| #include <winsock2.h>
configure:9590: result: no
configure:9590: checking for winsock2.h
configure:9590: result: no
configure:9601: checking for library containing sethostent
configure:9632: gcc -o conftest -g -O2   conftest.c  >&5
configure:9632: $? = 0
configure:9649: result: none required
configure:9659: checking for library containing getnameinfo
configure:9690: gcc -o conftest -g -O2   conftest.c  >&5
configure:9690: $? = 0
configure:9707: result: none required
configure:9720: checking for endhostent
configure:9720: gcc -o conftest -g -O2   conftest.c  >&5
configure:9720: $? = 0
configure:9720: result: yes
configure:9720: checking for getaddrinfo
configure:9720: gcc -o conftest -g -O2   conftest.c  >&5
configure:9720: $? = 0
configure:9720: result: yes
configure:9720: checking for inet_aton
configure:9720: gcc -o conftest -g -O2   conftest.c  >&5
configure:9720: $? = 0
configure:9720: result: yes
configure:9720: checking for writev
configure:9720: gcc -o conftest -g -O2   conftest.c  >&5
configure:9720: $? = 0
configure:9720: result: yes
configure:9731: checking for struct sockaddr_storage.ss_family
configure:9731: gcc -c -g -O2  conftest.c >&5
configure:9731: $? = 0
configure:9731: result: yes
configure:9742: checking for inet_pton
configure:9742: gcc -o conftest -g -O2   conftest.c  >&5
configure:9742: $? = 0
configure:9742: result: yes
configure:9766: checking for xslt-config
configure:9784: found /usr/bin/xslt-config
configure:9796: result: /usr/bin/xslt-config
configure:9825: checking for xsltSaveResultToString
configure:9825: gcc -o conftest -g -O2 -I/usr/include/libxml2   conftest.c -lxslt -lxml2  >&5
configure:9825: $? = 0
configure:9825: result: yes
configure:9901: gcc -c -Werror -I/usr/local/include  conftest.c >&5
configure:9901: $? = 0
configure:9918: checking for libogg
configure:9952: gcc -o conftest -g -O2 -I/usr/local/include   -L/usr/local/lib conftest.c  -logg >&5
configure:9952: $? = 0
configure:9982: result: ok
configure:10069: checking for libvorbis
configure:10089: gcc -o conftest -g -O2  -I/usr/local/include  -L/usr/local/lib conftest.c  -lvorbis >&5
/usr/bin/ld: /tmp/cc9RplyK.o: in function `main':
/home/arunman_rb32/icecast-server/icecast-2.4.4/conftest.c:66: undefined reference to `ogg_stream_init'
collect2: error: ld returned 1 exit status
configure:10089: $? = 1
configure: failed program was:
| /* confdefs.h */
| #define PACKAGE_NAME "Icecast"
| #define PACKAGE_TARNAME "icecast"
| #define PACKAGE_VERSION "2.4.4"
| #define PACKAGE_STRING "Icecast 2.4.4"
| #define PACKAGE_BUGREPORT "icecast@xiph.org"
| #define PACKAGE_URL ""
| #define PACKAGE "icecast"
| #define VERSION "2.4.4"
| #define STDC_HEADERS 1
| #define HAVE_SYS_TYPES_H 1
| #define HAVE_SYS_STAT_H 1
| #define HAVE_STDLIB_H 1
| #define HAVE_STRING_H 1
| #define HAVE_MEMORY_H 1
| #define HAVE_STRINGS_H 1
| #define HAVE_INTTYPES_H 1
| #define HAVE_STDINT_H 1
| #define HAVE_UNISTD_H 1
| #define HAVE_DLFCN_H 1
| #define LT_OBJDIR ".libs/"
| #undef _GNU_SOURCE
| #define STDC_HEADERS 1
| #define TIME_WITH_SYS_TIME 1
| #define HAVE_ALLOCA_H 1
| #define HAVE_SYS_TIMEB_H 1
| #define HAVE_PWD_H 1
| #define HAVE_UNISTD_H 1
| #define HAVE_GRP_H 1
| #define HAVE_SYS_TYPES_H 1
| #define HAVE_SETUID 1
| #define HAVE_CHROOT 1
| #define HAVE_CHOWN 1
| #define HAVE_STRCASESTR 1
| #define HAVE_LOCALTIME_R 1
| #define HAVE_POLL 1
| #define HAVE_GETTIMEOFDAY 1
| #define HAVE_FTIME 1
| #define HAVE_NANOSLEEP 1
| #define HAVE_SYS_SOCKET_H 1
| #define HAVE_SOCKLEN_T 1
| #define HAVE_SYS_SELECT_H 1
| #define HAVE_SYS_UIO_H 1
| #define HAVE_SETHOSTENT 1
| #define HAVE_GETNAMEINFO 1
| #define HAVE_ENDHOSTENT 1
| #define HAVE_GETADDRINFO 1
| #define HAVE_INET_ATON 1
| #define HAVE_WRITEV 1
| #define HAVE_STRUCT_SOCKADDR_STORAGE_SS_FAMILY 1
| #define HAVE_INET_PTON 1
| #define HAVE_XSLTSAVERESULTTOSTRING 1
| #define HAVE_OGG 1
| /* end confdefs.h.  */
| 
| /* Override any GCC internal prototype to avoid an error.
|    Use char because int might match the return type of a GCC
|    builtin and then its argument prototype would still apply.  */
| #ifdef __cplusplus
| extern "C"
| #endif
| char ogg_stream_init ();
| int
| main ()
| {
| return ogg_stream_init ();
|   ;
|   return 0;
| }
configure:10111: gcc -o conftest -g -O2  -I/usr/local/include  -L/usr/local/lib conftest.c  -lvorbis -logg -lm >&5
configure:10111: $? = 0
configure:10142: gcc -c -g -O2  -I/usr/local/include conftest.c >&5
configure:10142: $? = 0
configure:10148: result: ok
configure:10287: checking for libtheora
configure:10307: gcc -o conftest -g -O2   -L/usr/local/lib conftest.c  -ltheora -logg >&5
/usr/bin/ld: cannot find -ltheora
collect2: error: ld returned 1 exit status
configure:10307: $? = 1
configure: failed program was:
| /* confdefs.h */
| #define PACKAGE_NAME "Icecast"
| #define PACKAGE_TARNAME "icecast"
| #define PACKAGE_VERSION "2.4.4"
| #define PACKAGE_STRING "Icecast 2.4.4"
| #define PACKAGE_BUGREPORT "icecast@xiph.org"
| #define PACKAGE_URL ""
| #define PACKAGE "icecast"
| #define VERSION "2.4.4"
| #define STDC_HEADERS 1
| #define HAVE_SYS_TYPES_H 1
| #define HAVE_SYS_STAT_H 1
| #define HAVE_STDLIB_H 1
| #define HAVE_STRING_H 1
| #define HAVE_MEMORY_H 1
| #define HAVE_STRINGS_H 1
| #define HAVE_INTTYPES_H 1
| #define HAVE_STDINT_H 1
| #define HAVE_UNISTD_H 1
| #define HAVE_DLFCN_H 1
| #define LT_OBJDIR ".libs/"
| #undef _GNU_SOURCE
| #define STDC_HEADERS 1
| #define TIME_WITH_SYS_TIME 1
| #define HAVE_ALLOCA_H 1
| #define HAVE_SYS_TIMEB_H 1
| #define HAVE_PWD_H 1
| #define HAVE_UNISTD_H 1
| #define HAVE_GRP_H 1
| #define HAVE_SYS_TYPES_H 1
| #define HAVE_SETUID 1
| #define HAVE_CHROOT 1
| #define HAVE_CHOWN 1
| #define HAVE_STRCASESTR 1
| #define HAVE_LOCALTIME_R 1
| #define HAVE_POLL 1
| #define HAVE_GETTIMEOFDAY 1
| #define HAVE_FTIME 1
| #define HAVE_NANOSLEEP 1
| #define HAVE_SYS_SOCKET_H 1
| #define HAVE_SOCKLEN_T 1
| #define HAVE_SYS_SELECT_H 1
| #define HAVE_SYS_UIO_H 1
| #define HAVE_SETHOSTENT 1
| #define HAVE_GETNAMEINFO 1
| #define HAVE_ENDHOSTENT 1
| #define HAVE_GETADDRINFO 1
| #define HAVE_INET_ATON 1
| #define HAVE_WRITEV 1
| #define HAVE_STRUCT_SOCKADDR_STORAGE_SS_FAMILY 1
| #define HAVE_INET_PTON 1
| #define HAVE_XSLTSAVERESULTTOSTRING 1
| #define HAVE_OGG 1
| /* end confdefs.h.  */
| 
| /* Override any GCC internal prototype to avoid an error.
|    Use char because int might match the return type of a GCC
|    builtin and then its argument prototype would still apply.  */
| #ifdef __cplusplus
| extern "C"
| #endif
| char theora_decode_header ();
| int
| main ()
| {
| return theora_decode_header ();
|   ;
|   return 0;
| }
configure:10400: result: Not found
configure:10402: WARNING: Theora disabled!
configure:10484: checking for libspeex
configure:10504: gcc -o conftest -g -O2   -L/usr/local/lib conftest.c  -lspeex >&5
/usr/bin/ld: cannot find -lspeex
collect2: error: ld returned 1 exit status
configure:10504: $? = 1
configure: failed program was:
| /* confdefs.h */
| #define PACKAGE_NAME "Icecast"
| #define PACKAGE_TARNAME "icecast"
| #define PACKAGE_VERSION "2.4.4"
| #define PACKAGE_STRING "Icecast 2.4.4"
| #define PACKAGE_BUGREPORT "icecast@xiph.org"
| #define PACKAGE_URL ""
| #define PACKAGE "icecast"
| #define VERSION "2.4.4"
| #define STDC_HEADERS 1
| #define HAVE_SYS_TYPES_H 1
| #define HAVE_SYS_STAT_H 1
| #define HAVE_STDLIB_H 1
| #define HAVE_STRING_H 1
| #define HAVE_MEMORY_H 1
| #define HAVE_STRINGS_H 1
| #define HAVE_INTTYPES_H 1
| #define HAVE_STDINT_H 1
| #define HAVE_UNISTD_H 1
| #define HAVE_DLFCN_H 1
| #define LT_OBJDIR ".libs/"
| #undef _GNU_SOURCE
| #define STDC_HEADERS 1
| #define TIME_WITH_SYS_TIME 1
| #define HAVE_ALLOCA_H 1
| #define HAVE_SYS_TIMEB_H 1
| #define HAVE_PWD_H 1
| #define HAVE_UNISTD_H 1
| #define HAVE_GRP_H 1
| #define HAVE_SYS_TYPES_H 1
| #define HAVE_SETUID 1
| #define HAVE_CHROOT 1
| #define HAVE_CHOWN 1
| #define HAVE_STRCASESTR 1
| #define HAVE_LOCALTIME_R 1
| #define HAVE_POLL 1
| #define HAVE_GETTIMEOFDAY 1
| #define HAVE_FTIME 1
| #define HAVE_NANOSLEEP 1
| #define HAVE_SYS_SOCKET_H 1
| #define HAVE_SOCKLEN_T 1
| #define HAVE_SYS_SELECT_H 1
| #define HAVE_SYS_UIO_H 1
| #define HAVE_SETHOSTENT 1
| #define HAVE_GETNAMEINFO 1
| #define HAVE_ENDHOSTENT 1
| #define HAVE_GETADDRINFO 1
| #define HAVE_INET_ATON 1
| #define HAVE_WRITEV 1
| #define HAVE_STRUCT_SOCKADDR_STORAGE_SS_FAMILY 1
| #define HAVE_INET_PTON 1
| #define HAVE_XSLTSAVERESULTTOSTRING 1
| #define HAVE_OGG 1
| /* end confdefs.h.  */
| 
| /* Override any GCC internal prototype to avoid an error.
|    Use char because int might match the return type of a GCC
|    builtin and then its argument prototype would still apply.  */
| #ifdef __cplusplus
| extern "C"
| #endif
| char ogg_stream_init ();
| int
| main ()
| {
| return ogg_stream_init ();
|   ;
|   return 0;
| }
configure:10527: gcc -o conftest -g -O2   -L/usr/local/lib conftest.c  -lspeex -logg >&5
/usr/bin/ld: cannot find -lspeex
collect2: error: ld returned 1 exit status
configure:10527: $? = 1
configure: failed program was:
| /* confdefs.h */
| #define PACKAGE_NAME "Icecast"
| #define PACKAGE_TARNAME "icecast"
| #define PACKAGE_VERSION "2.4.4"
| #define PACKAGE_STRING "Icecast 2.4.4"
| #define PACKAGE_BUGREPORT "icecast@xiph.org"
| #define PACKAGE_URL ""
| #define PACKAGE "icecast"
| #define VERSION "2.4.4"
| #define STDC_HEADERS 1
| #define HAVE_SYS_TYPES_H 1
| #define HAVE_SYS_STAT_H 1
| #define HAVE_STDLIB_H 1
| #define HAVE_STRING_H 1
| #define HAVE_MEMORY_H 1
| #define HAVE_STRINGS_H 1
| #define HAVE_INTTYPES_H 1
| #define HAVE_STDINT_H 1
| #define HAVE_UNISTD_H 1
| #define HAVE_DLFCN_H 1
| #define LT_OBJDIR ".libs/"
| #undef _GNU_SOURCE
| #define STDC_HEADERS 1
| #define TIME_WITH_SYS_TIME 1
| #define HAVE_ALLOCA_H 1
| #define HAVE_SYS_TIMEB_H 1
| #define HAVE_PWD_H 1
| #define HAVE_UNISTD_H 1
| #define HAVE_GRP_H 1
| #define HAVE_SYS_TYPES_H 1
| #define HAVE_SETUID 1
| #define HAVE_CHROOT 1
| #define HAVE_CHOWN 1
| #define HAVE_STRCASESTR 1
| #define HAVE_LOCALTIME_R 1
| #define HAVE_POLL 1
| #define HAVE_GETTIMEOFDAY 1
| #define HAVE_FTIME 1
| #define HAVE_NANOSLEEP 1
| #define HAVE_SYS_SOCKET_H 1
| #define HAVE_SOCKLEN_T 1
| #define HAVE_SYS_SELECT_H 1
| #define HAVE_SYS_UIO_H 1
| #define HAVE_SETHOSTENT 1
| #define HAVE_GETNAMEINFO 1
| #define HAVE_ENDHOSTENT 1
| #define HAVE_GETADDRINFO 1
| #define HAVE_INET_ATON 1
| #define HAVE_WRITEV 1
| #define HAVE_STRUCT_SOCKADDR_STORAGE_SS_FAMILY 1
| #define HAVE_INET_PTON 1
| #define HAVE_XSLTSAVERESULTTOSTRING 1
| #define HAVE_OGG 1
| /* end confdefs.h.  */
| 
| /* Override any GCC internal prototype to avoid an error.
|    Use char because int might match the return type of a GCC
|    builtin and then its argument prototype would still apply.  */
| #ifdef __cplusplus
| extern "C"
| #endif
| char ogg_stream_init ();
| int
| main ()
| {
| return ogg_stream_init ();
|   ;
|   return 0;
| }
configure:10613: WARNING: Speex support disabled!
configure:10626: checking for kate_decode_init in -lkate
configure:10651: gcc -o conftest -g -O2   conftest.c -lkate -logg  >&5
/usr/bin/ld: cannot find -lkate
collect2: error: ld returned 1 exit status
configure:10651: $? = 1
configure: failed program was:
| /* confdefs.h */
| #define PACKAGE_NAME "Icecast"
| #define PACKAGE_TARNAME "icecast"
| #define PACKAGE_VERSION "2.4.4"
| #define PACKAGE_STRING "Icecast 2.4.4"
| #define PACKAGE_BUGREPORT "icecast@xiph.org"
| #define PACKAGE_URL ""
| #define PACKAGE "icecast"
| #define VERSION "2.4.4"
| #define STDC_HEADERS 1
| #define HAVE_SYS_TYPES_H 1
| #define HAVE_SYS_STAT_H 1
| #define HAVE_STDLIB_H 1
| #define HAVE_STRING_H 1
| #define HAVE_MEMORY_H 1
| #define HAVE_STRINGS_H 1
| #define HAVE_INTTYPES_H 1
| #define HAVE_STDINT_H 1
| #define HAVE_UNISTD_H 1
| #define HAVE_DLFCN_H 1
| #define LT_OBJDIR ".libs/"
| #undef _GNU_SOURCE
| #define STDC_HEADERS 1
| #define TIME_WITH_SYS_TIME 1
| #define HAVE_ALLOCA_H 1
| #define HAVE_SYS_TIMEB_H 1
| #define HAVE_PWD_H 1
| #define HAVE_UNISTD_H 1
| #define HAVE_GRP_H 1
| #define HAVE_SYS_TYPES_H 1
| #define HAVE_SETUID 1
| #define HAVE_CHROOT 1
| #define HAVE_CHOWN 1
| #define HAVE_STRCASESTR 1
| #define HAVE_LOCALTIME_R 1
| #define HAVE_POLL 1
| #define HAVE_GETTIMEOFDAY 1
| #define HAVE_FTIME 1
| #define HAVE_NANOSLEEP 1
| #define HAVE_SYS_SOCKET_H 1
| #define HAVE_SOCKLEN_T 1
| #define HAVE_SYS_SELECT_H 1
| #define HAVE_SYS_UIO_H 1
| #define HAVE_SETHOSTENT 1
| #define HAVE_GETNAMEINFO 1
| #define HAVE_ENDHOSTENT 1
| #define HAVE_GETADDRINFO 1
| #define HAVE_INET_ATON 1
| #define HAVE_WRITEV 1
| #define HAVE_STRUCT_SOCKADDR_STORAGE_SS_FAMILY 1
| #define HAVE_INET_PTON 1
| #define HAVE_XSLTSAVERESULTTOSTRING 1
| #define HAVE_OGG 1
| /* end confdefs.h.  */
| 
| /* Override any GCC internal prototype to avoid an error.
|    Use char because int might match the return type of a GCC
|    builtin and then its argument prototype would still apply.  */
| #ifdef __cplusplus
| extern "C"
| #endif
| char kate_decode_init ();
| int
| main ()
| {
| return kate_decode_init ();
|   ;
|   return 0;
| }
configure:10660: result: no
configure:10887: checking for the pthreads library -lpthreads
configure:10920: gcc -o conftest -g -O2    conftest.c -lpthreads  >&5
conftest.c: In function 'main':
conftest.c:60:22: warning: null argument where non-null required (argument 1) [-Wnonnull]
   60 |                      pthread_attr_init(0); pthread_cleanup_push(0, 0);
      |                      ^~~~~~~~~~~~~~~~~
conftest.c:61:22: warning: null argument where non-null required (argument 1) [-Wnonnull]
   61 |                      pthread_create(0,0,0,0); pthread_cleanup_pop(0);
      |                      ^~~~~~~~~~~~~~
conftest.c:61:22: warning: null argument where non-null required (argument 3) [-Wnonnull]
/usr/bin/ld: cannot find -lpthreads
collect2: error: ld returned 1 exit status
configure:10920: $? = 1
configure: failed program was:
| /* confdefs.h */
| #define PACKAGE_NAME "Icecast"
| #define PACKAGE_TARNAME "icecast"
| #define PACKAGE_VERSION "2.4.4"
| #define PACKAGE_STRING "Icecast 2.4.4"
| #define PACKAGE_BUGREPORT "icecast@xiph.org"
| #define PACKAGE_URL ""
| #define PACKAGE "icecast"
| #define VERSION "2.4.4"
| #define STDC_HEADERS 1
| #define HAVE_SYS_TYPES_H 1
| #define HAVE_SYS_STAT_H 1
| #define HAVE_STDLIB_H 1
| #define HAVE_STRING_H 1
| #define HAVE_MEMORY_H 1
| #define HAVE_STRINGS_H 1
| #define HAVE_INTTYPES_H 1
| #define HAVE_STDINT_H 1
| #define HAVE_UNISTD_H 1
| #define HAVE_DLFCN_H 1
| #define LT_OBJDIR ".libs/"
| #undef _GNU_SOURCE
| #define STDC_HEADERS 1
| #define TIME_WITH_SYS_TIME 1
| #define HAVE_ALLOCA_H 1
| #define HAVE_SYS_TIMEB_H 1
| #define HAVE_PWD_H 1
| #define HAVE_UNISTD_H 1
| #define HAVE_GRP_H 1
| #define HAVE_SYS_TYPES_H 1
| #define HAVE_SETUID 1
| #define HAVE_CHROOT 1
| #define HAVE_CHOWN 1
| #define HAVE_STRCASESTR 1
| #define HAVE_LOCALTIME_R 1
| #define HAVE_POLL 1
| #define HAVE_GETTIMEOFDAY 1
| #define HAVE_FTIME 1
| #define HAVE_NANOSLEEP 1
| #define HAVE_SYS_SOCKET_H 1
| #define HAVE_SOCKLEN_T 1
| #define HAVE_SYS_SELECT_H 1
| #define HAVE_SYS_UIO_H 1
| #define HAVE_SETHOSTENT 1
| #define HAVE_GETNAMEINFO 1
| #define HAVE_ENDHOSTENT 1
| #define HAVE_GETADDRINFO 1
| #define HAVE_INET_ATON 1
| #define HAVE_WRITEV 1
| #define HAVE_STRUCT_SOCKADDR_STORAGE_SS_FAMILY 1
| #define HAVE_INET_PTON 1
| #define HAVE_XSLTSAVERESULTTOSTRING 1
| #define HAVE_OGG 1
| /* end confdefs.h.  */
| #include <pthread.h>
| int
| main ()
| {
| pthread_t th; pthread_join(th, 0);
|                      pthread_attr_init(0); pthread_cleanup_push(0, 0);
|                      pthread_create(0,0,0,0); pthread_cleanup_pop(0);
|   ;
|   return 0;
| }
configure:10929: result: no
configure:10832: checking whether pthreads work without any flags
configure:10920: gcc -o conftest -g -O2    conftest.c   >&5
conftest.c: In function 'main':
conftest.c:60:22: warning: null argument where non-null required (argument 1) [-Wnonnull]
   60 |                      pthread_attr_init(0); pthread_cleanup_push(0, 0);
      |                      ^~~~~~~~~~~~~~~~~
conftest.c:61:22: warning: null argument where non-null required (argument 1) [-Wnonnull]
   61 |                      pthread_create(0,0,0,0); pthread_cleanup_pop(0);
      |                      ^~~~~~~~~~~~~~
conftest.c:61:22: warning: null argument where non-null required (argument 3) [-Wnonnull]
/usr/bin/ld: /tmp/ccIGRwKA.o: in function `main':
/home/arunman_rb32/icecast-server/icecast-2.4.4/conftest.c:59: undefined reference to `pthread_join'
/usr/bin/ld: /home/arunman_rb32/icecast-server/icecast-2.4.4/conftest.c:60: undefined reference to `__pthread_register_cancel'
/usr/bin/ld: /home/arunman_rb32/icecast-server/icecast-2.4.4/conftest.c:61: undefined reference to `pthread_create'
/usr/bin/ld: /home/arunman_rb32/icecast-server/icecast-2.4.4/conftest.c:61: undefined reference to `__pthread_unregister_cancel'
collect2: error: ld returned 1 exit status
configure:10920: $? = 1
configure: failed program was:
| /* confdefs.h */
| #define PACKAGE_NAME "Icecast"
| #define PACKAGE_TARNAME "icecast"
| #define PACKAGE_VERSION "2.4.4"
| #define PACKAGE_STRING "Icecast 2.4.4"
| #define PACKAGE_BUGREPORT "icecast@xiph.org"
| #define PACKAGE_URL ""
| #define PACKAGE "icecast"
| #define VERSION "2.4.4"
| #define STDC_HEADERS 1
| #define HAVE_SYS_TYPES_H 1
| #define HAVE_SYS_STAT_H 1
| #define HAVE_STDLIB_H 1
| #define HAVE_STRING_H 1
| #define HAVE_MEMORY_H 1
| #define HAVE_STRINGS_H 1
| #define HAVE_INTTYPES_H 1
| #define HAVE_STDINT_H 1
| #define HAVE_UNISTD_H 1
| #define HAVE_DLFCN_H 1
| #define LT_OBJDIR ".libs/"
| #undef _GNU_SOURCE
| #define STDC_HEADERS 1
| #define TIME_WITH_SYS_TIME 1
| #define HAVE_ALLOCA_H 1
| #define HAVE_SYS_TIMEB_H 1
| #define HAVE_PWD_H 1
| #define HAVE_UNISTD_H 1
| #define HAVE_GRP_H 1
| #define HAVE_SYS_TYPES_H 1
| #define HAVE_SETUID 1
| #define HAVE_CHROOT 1
| #define HAVE_CHOWN 1
| #define HAVE_STRCASESTR 1
| #define HAVE_LOCALTIME_R 1
| #define HAVE_POLL 1
| #define HAVE_GETTIMEOFDAY 1
| #define HAVE_FTIME 1
| #define HAVE_NANOSLEEP 1
| #define HAVE_SYS_SOCKET_H 1
| #define HAVE_SOCKLEN_T 1
| #define HAVE_SYS_SELECT_H 1
| #define HAVE_SYS_UIO_H 1
| #define HAVE_SETHOSTENT 1
| #define HAVE_GETNAMEINFO 1
| #define HAVE_ENDHOSTENT 1
| #define HAVE_GETADDRINFO 1
| #define HAVE_INET_ATON 1
| #define HAVE_WRITEV 1
| #define HAVE_STRUCT_SOCKADDR_STORAGE_SS_FAMILY 1
| #define HAVE_INET_PTON 1
| #define HAVE_XSLTSAVERESULTTOSTRING 1
| #define HAVE_OGG 1
| /* end confdefs.h.  */
| #include <pthread.h>
| int
| main ()
| {
| pthread_t th; pthread_join(th, 0);
|                      pthread_attr_init(0); pthread_cleanup_push(0, 0);
|                      pthread_create(0,0,0,0); pthread_cleanup_pop(0);
|   ;
|   return 0;
| }
configure:10929: result: no
configure:10837: checking whether pthreads work with -Kthread
configure:10920: gcc -o conftest -g -O2 -Kthread   conftest.c   >&5
gcc: error: unrecognized command line option '-Kthread'; did you mean '-pthread'?
configure:10920: $? = 1
configure: failed program was:
| /* confdefs.h */
| #define PACKAGE_NAME "Icecast"
| #define PACKAGE_TARNAME "icecast"
| #define PACKAGE_VERSION "2.4.4"
| #define PACKAGE_STRING "Icecast 2.4.4"
| #define PACKAGE_BUGREPORT "icecast@xiph.org"
| #define PACKAGE_URL ""
| #define PACKAGE "icecast"
| #define VERSION "2.4.4"
| #define STDC_HEADERS 1
| #define HAVE_SYS_TYPES_H 1
| #define HAVE_SYS_STAT_H 1
| #define HAVE_STDLIB_H 1
| #define HAVE_STRING_H 1
| #define HAVE_MEMORY_H 1
| #define HAVE_STRINGS_H 1
| #define HAVE_INTTYPES_H 1
| #define HAVE_STDINT_H 1
| #define HAVE_UNISTD_H 1
| #define HAVE_DLFCN_H 1
| #define LT_OBJDIR ".libs/"
| #undef _GNU_SOURCE
| #define STDC_HEADERS 1
| #define TIME_WITH_SYS_TIME 1
| #define HAVE_ALLOCA_H 1
| #define HAVE_SYS_TIMEB_H 1
| #define HAVE_PWD_H 1
| #define HAVE_UNISTD_H 1
| #define HAVE_GRP_H 1
| #define HAVE_SYS_TYPES_H 1
| #define HAVE_SETUID 1
| #define HAVE_CHROOT 1
| #define HAVE_CHOWN 1
| #define HAVE_STRCASESTR 1
| #define HAVE_LOCALTIME_R 1
| #define HAVE_POLL 1
| #define HAVE_GETTIMEOFDAY 1
| #define HAVE_FTIME 1
| #define HAVE_NANOSLEEP 1
| #define HAVE_SYS_SOCKET_H 1
| #define HAVE_SOCKLEN_T 1
| #define HAVE_SYS_SELECT_H 1
| #define HAVE_SYS_UIO_H 1
| #define HAVE_SETHOSTENT 1
| #define HAVE_GETNAMEINFO 1
| #define HAVE_ENDHOSTENT 1
| #define HAVE_GETADDRINFO 1
| #define HAVE_INET_ATON 1
| #define HAVE_WRITEV 1
| #define HAVE_STRUCT_SOCKADDR_STORAGE_SS_FAMILY 1
| #define HAVE_INET_PTON 1
| #define HAVE_XSLTSAVERESULTTOSTRING 1
| #define HAVE_OGG 1
| /* end confdefs.h.  */
| #include <pthread.h>
| int
| main ()
| {
| pthread_t th; pthread_join(th, 0);
|                      pthread_attr_init(0); pthread_cleanup_push(0, 0);
|                      pthread_create(0,0,0,0); pthread_cleanup_pop(0);
|   ;
|   return 0;
| }
configure:10929: result: no
configure:10837: checking whether pthreads work with -kthread
configure:10920: gcc -o conftest -g -O2 -kthread   conftest.c   >&5
gcc: error: unrecognized command line option '-kthread'; did you mean '-pthread'?
configure:10920: $? = 1
configure: failed program was:
| /* confdefs.h */
| #define PACKAGE_NAME "Icecast"
| #define PACKAGE_TARNAME "icecast"
| #define PACKAGE_VERSION "2.4.4"
| #define PACKAGE_STRING "Icecast 2.4.4"
| #define PACKAGE_BUGREPORT "icecast@xiph.org"
| #define PACKAGE_URL ""
| #define PACKAGE "icecast"
| #define VERSION "2.4.4"
| #define STDC_HEADERS 1
| #define HAVE_SYS_TYPES_H 1
| #define HAVE_SYS_STAT_H 1
| #define HAVE_STDLIB_H 1
| #define HAVE_STRING_H 1
| #define HAVE_MEMORY_H 1
| #define HAVE_STRINGS_H 1
| #define HAVE_INTTYPES_H 1
| #define HAVE_STDINT_H 1
| #define HAVE_UNISTD_H 1
| #define HAVE_DLFCN_H 1
| #define LT_OBJDIR ".libs/"
| #undef _GNU_SOURCE
| #define STDC_HEADERS 1
| #define TIME_WITH_SYS_TIME 1
| #define HAVE_ALLOCA_H 1
| #define HAVE_SYS_TIMEB_H 1
| #define HAVE_PWD_H 1
| #define HAVE_UNISTD_H 1
| #define HAVE_GRP_H 1
| #define HAVE_SYS_TYPES_H 1
| #define HAVE_SETUID 1
| #define HAVE_CHROOT 1
| #define HAVE_CHOWN 1
| #define HAVE_STRCASESTR 1
| #define HAVE_LOCALTIME_R 1
| #define HAVE_POLL 1
| #define HAVE_GETTIMEOFDAY 1
| #define HAVE_FTIME 1
| #define HAVE_NANOSLEEP 1
| #define HAVE_SYS_SOCKET_H 1
| #define HAVE_SOCKLEN_T 1
| #define HAVE_SYS_SELECT_H 1
| #define HAVE_SYS_UIO_H 1
| #define HAVE_SETHOSTENT 1
| #define HAVE_GETNAMEINFO 1
| #define HAVE_ENDHOSTENT 1
| #define HAVE_GETADDRINFO 1
| #define HAVE_INET_ATON 1
| #define HAVE_WRITEV 1
| #define HAVE_STRUCT_SOCKADDR_STORAGE_SS_FAMILY 1
| #define HAVE_INET_PTON 1
| #define HAVE_XSLTSAVERESULTTOSTRING 1
| #define HAVE_OGG 1
| /* end confdefs.h.  */
| #include <pthread.h>
| int
| main ()
| {
| pthread_t th; pthread_join(th, 0);
|                      pthread_attr_init(0); pthread_cleanup_push(0, 0);
|                      pthread_create(0,0,0,0); pthread_cleanup_pop(0);
|   ;
|   return 0;
| }
configure:10929: result: no
configure:10887: checking for the pthreads library -llthread
configure:10920: gcc -o conftest -g -O2    conftest.c -llthread  >&5
conftest.c: In function 'main':
conftest.c:60:22: warning: null argument where non-null required (argument 1) [-Wnonnull]
   60 |                      pthread_attr_init(0); pthread_cleanup_push(0, 0);
      |                      ^~~~~~~~~~~~~~~~~
conftest.c:61:22: warning: null argument where non-null required (argument 1) [-Wnonnull]
   61 |                      pthread_create(0,0,0,0); pthread_cleanup_pop(0);
      |                      ^~~~~~~~~~~~~~
conftest.c:61:22: warning: null argument where non-null required (argument 3) [-Wnonnull]
/usr/bin/ld: cannot find -llthread
collect2: error: ld returned 1 exit status
configure:10920: $? = 1
configure: failed program was:
| /* confdefs.h */
| #define PACKAGE_NAME "Icecast"
| #define PACKAGE_TARNAME "icecast"
| #define PACKAGE_VERSION "2.4.4"
| #define PACKAGE_STRING "Icecast 2.4.4"
| #define PACKAGE_BUGREPORT "icecast@xiph.org"
| #define PACKAGE_URL ""
| #define PACKAGE "icecast"
| #define VERSION "2.4.4"
| #define STDC_HEADERS 1
| #define HAVE_SYS_TYPES_H 1
| #define HAVE_SYS_STAT_H 1
| #define HAVE_STDLIB_H 1
| #define HAVE_STRING_H 1
| #define HAVE_MEMORY_H 1
| #define HAVE_STRINGS_H 1
| #define HAVE_INTTYPES_H 1
| #define HAVE_STDINT_H 1
| #define HAVE_UNISTD_H 1
| #define HAVE_DLFCN_H 1
| #define LT_OBJDIR ".libs/"
| #undef _GNU_SOURCE
| #define STDC_HEADERS 1
| #define TIME_WITH_SYS_TIME 1
| #define HAVE_ALLOCA_H 1
| #define HAVE_SYS_TIMEB_H 1
| #define HAVE_PWD_H 1
| #define HAVE_UNISTD_H 1
| #define HAVE_GRP_H 1
| #define HAVE_SYS_TYPES_H 1
| #define HAVE_SETUID 1
| #define HAVE_CHROOT 1
| #define HAVE_CHOWN 1
| #define HAVE_STRCASESTR 1
| #define HAVE_LOCALTIME_R 1
| #define HAVE_POLL 1
| #define HAVE_GETTIMEOFDAY 1
| #define HAVE_FTIME 1
| #define HAVE_NANOSLEEP 1
| #define HAVE_SYS_SOCKET_H 1
| #define HAVE_SOCKLEN_T 1
| #define HAVE_SYS_SELECT_H 1
| #define HAVE_SYS_UIO_H 1
| #define HAVE_SETHOSTENT 1
| #define HAVE_GETNAMEINFO 1
| #define HAVE_ENDHOSTENT 1
| #define HAVE_GETADDRINFO 1
| #define HAVE_INET_ATON 1
| #define HAVE_WRITEV 1
| #define HAVE_STRUCT_SOCKADDR_STORAGE_SS_FAMILY 1
| #define HAVE_INET_PTON 1
| #define HAVE_XSLTSAVERESULTTOSTRING 1
| #define HAVE_OGG 1
| /* end confdefs.h.  */
| #include <pthread.h>
| int
| main ()
| {
| pthread_t th; pthread_join(th, 0);
|                      pthread_attr_init(0); pthread_cleanup_push(0, 0);
|                      pthread_create(0,0,0,0); pthread_cleanup_pop(0);
|   ;
|   return 0;
| }
configure:10929: result: no
configure:10837: checking whether pthreads work with -pthread
configure:10920: gcc -o conftest -g -O2 -pthread   conftest.c   >&5
conftest.c: In function 'main':
conftest.c:60:22: warning: null argument where non-null required (argument 1) [-Wnonnull]
   60 |                      pthread_attr_init(0); pthread_cleanup_push(0, 0);
      |                      ^~~~~~~~~~~~~~~~~
conftest.c:61:22: warning: null argument where non-null required (argument 1) [-Wnonnull]
   61 |                      pthread_create(0,0,0,0); pthread_cleanup_pop(0);
      |                      ^~~~~~~~~~~~~~
conftest.c:61:22: warning: null argument where non-null required (argument 3) [-Wnonnull]
configure:10920: $? = 0
configure:10929: result: yes
configure:10948: checking for joinable pthread attribute
configure:10963: gcc -o conftest -g -O2 -pthread   conftest.c   >&5
configure:10963: $? = 0
configure:10969: result: PTHREAD_CREATE_JOINABLE
configure:10979: checking if more special flags are required for pthreads
configure:10986: result: no
configure:10994: checking for pthread_spin_lock
configure:10994: gcc -o conftest -g -O2 -pthread   conftest.c   >&5
configure:10994: $? = 0
configure:10994: result: yes
configure:11145: checking for curl-config
configure:11178: result: no
configure:11217: checking curl/curl.h usability
configure:11217: gcc -c -g -O2  -I/usr/local/include conftest.c >&5
conftest.c:90:10: fatal error: curl/curl.h: No such file or directory
   90 | #include <curl/curl.h>
      |          ^~~~~~~~~~~~~
compilation terminated.
configure:11217: $? = 1
configure: failed program was:
| /* confdefs.h */
| #define PACKAGE_NAME "Icecast"
| #define PACKAGE_TARNAME "icecast"
| #define PACKAGE_VERSION "2.4.4"
| #define PACKAGE_STRING "Icecast 2.4.4"
| #define PACKAGE_BUGREPORT "icecast@xiph.org"
| #define PACKAGE_URL ""
| #define PACKAGE "icecast"
| #define VERSION "2.4.4"
| #define STDC_HEADERS 1
| #define HAVE_SYS_TYPES_H 1
| #define HAVE_SYS_STAT_H 1
| #define HAVE_STDLIB_H 1
| #define HAVE_STRING_H 1
| #define HAVE_MEMORY_H 1
| #define HAVE_STRINGS_H 1
| #define HAVE_INTTYPES_H 1
| #define HAVE_STDINT_H 1
| #define HAVE_UNISTD_H 1
| #define HAVE_DLFCN_H 1
| #define LT_OBJDIR ".libs/"
| #undef _GNU_SOURCE
| #define STDC_HEADERS 1
| #define TIME_WITH_SYS_TIME 1
| #define HAVE_ALLOCA_H 1
| #define HAVE_SYS_TIMEB_H 1
| #define HAVE_PWD_H 1
| #define HAVE_UNISTD_H 1
| #define HAVE_GRP_H 1
| #define HAVE_SYS_TYPES_H 1
| #define HAVE_SETUID 1
| #define HAVE_CHROOT 1
| #define HAVE_CHOWN 1
| #define HAVE_STRCASESTR 1
| #define HAVE_LOCALTIME_R 1
| #define HAVE_POLL 1
| #define HAVE_GETTIMEOFDAY 1
| #define HAVE_FTIME 1
| #define HAVE_NANOSLEEP 1
| #define HAVE_SYS_SOCKET_H 1
| #define HAVE_SOCKLEN_T 1
| #define HAVE_SYS_SELECT_H 1
| #define HAVE_SYS_UIO_H 1
| #define HAVE_SETHOSTENT 1
| #define HAVE_GETNAMEINFO 1
| #define HAVE_ENDHOSTENT 1
| #define HAVE_GETADDRINFO 1
| #define HAVE_INET_ATON 1
| #define HAVE_WRITEV 1
| #define HAVE_STRUCT_SOCKADDR_STORAGE_SS_FAMILY 1
| #define HAVE_INET_PTON 1
| #define HAVE_XSLTSAVERESULTTOSTRING 1
| #define HAVE_OGG 1
| #define HAVE_PTHREAD_SPIN_LOCK 1
| #define HAVE_PTHREAD 1
| /* end confdefs.h.  */
| #include <stdio.h>
| #ifdef HAVE_SYS_TYPES_H
| # include <sys/types.h>
| #endif
| #ifdef HAVE_SYS_STAT_H
| # include <sys/stat.h>
| #endif
| #ifdef STDC_HEADERS
| # include <stdlib.h>
| # include <stddef.h>
| #else
| # ifdef HAVE_STDLIB_H
| #  include <stdlib.h>
| # endif
| #endif
| #ifdef HAVE_STRING_H
| # if !defined STDC_HEADERS && defined HAVE_MEMORY_H
| #  include <memory.h>
| # endif
| # include <string.h>
| #endif
| #ifdef HAVE_STRINGS_H
| # include <strings.h>
| #endif
| #ifdef HAVE_INTTYPES_H
| # include <inttypes.h>
| #endif
| #ifdef HAVE_STDINT_H
| # include <stdint.h>
| #endif
| #ifdef HAVE_UNISTD_H
| # include <unistd.h>
| #endif
| #include <curl/curl.h>
configure:11217: result: no
configure:11217: checking curl/curl.h presence
configure:11217: gcc -E  -I/usr/local/include conftest.c
conftest.c:57:10: fatal error: curl/curl.h: No such file or directory
   57 | #include <curl/curl.h>
      |          ^~~~~~~~~~~~~
compilation terminated.
configure:11217: $? = 1
configure: failed program was:
| /* confdefs.h */
| #define PACKAGE_NAME "Icecast"
| #define PACKAGE_TARNAME "icecast"
| #define PACKAGE_VERSION "2.4.4"
| #define PACKAGE_STRING "Icecast 2.4.4"
| #define PACKAGE_BUGREPORT "icecast@xiph.org"
| #define PACKAGE_URL ""
| #define PACKAGE "icecast"
| #define VERSION "2.4.4"
| #define STDC_HEADERS 1
| #define HAVE_SYS_TYPES_H 1
| #define HAVE_SYS_STAT_H 1
| #define HAVE_STDLIB_H 1
| #define HAVE_STRING_H 1
| #define HAVE_MEMORY_H 1
| #define HAVE_STRINGS_H 1
| #define HAVE_INTTYPES_H 1
| #define HAVE_STDINT_H 1
| #define HAVE_UNISTD_H 1
| #define HAVE_DLFCN_H 1
| #define LT_OBJDIR ".libs/"
| #undef _GNU_SOURCE
| #define STDC_HEADERS 1
| #define TIME_WITH_SYS_TIME 1
| #define HAVE_ALLOCA_H 1
| #define HAVE_SYS_TIMEB_H 1
| #define HAVE_PWD_H 1
| #define HAVE_UNISTD_H 1
| #define HAVE_GRP_H 1
| #define HAVE_SYS_TYPES_H 1
| #define HAVE_SETUID 1
| #define HAVE_CHROOT 1
| #define HAVE_CHOWN 1
| #define HAVE_STRCASESTR 1
| #define HAVE_LOCALTIME_R 1
| #define HAVE_POLL 1
| #define HAVE_GETTIMEOFDAY 1
| #define HAVE_FTIME 1
| #define HAVE_NANOSLEEP 1
| #define HAVE_SYS_SOCKET_H 1
| #define HAVE_SOCKLEN_T 1
| #define HAVE_SYS_SELECT_H 1
| #define HAVE_SYS_UIO_H 1
| #define HAVE_SETHOSTENT 1
| #define HAVE_GETNAMEINFO 1
| #define HAVE_ENDHOSTENT 1
| #define HAVE_GETADDRINFO 1
| #define HAVE_INET_ATON 1
| #define HAVE_WRITEV 1
| #define HAVE_STRUCT_SOCKADDR_STORAGE_SS_FAMILY 1
| #define HAVE_INET_PTON 1
| #define HAVE_XSLTSAVERESULTTOSTRING 1
| #define HAVE_OGG 1
| #define HAVE_PTHREAD_SPIN_LOCK 1
| #define HAVE_PTHREAD 1
| /* end confdefs.h.  */
| #include <curl/curl.h>
configure:11217: result: no
configure:11217: checking for curl/curl.h
configure:11217: result: no
configure:11229: checking for libcurl
configure:11320: result: no
configure:11324: libcurl not found
configure:11348: YP support disabled
configure:11366: checking for pkg-config
configure:11384: found /usr/bin/pkg-config
configure:11397: result: /usr/bin/pkg-config
configure:11435: gcc -o conftest -g -O2 -I/usr/local/include   conftest.c -L/usr/local/lib -lssl  >&5
conftest.c:57:10: fatal error: openssl/ssl.h: No such file or directory
   57 | #include <openssl/ssl.h>
      |          ^~~~~~~~~~~~~~~
compilation terminated.
configure:11435: $? = 1
configure: failed program was:
| /* confdefs.h */
| #define PACKAGE_NAME "Icecast"
| #define PACKAGE_TARNAME "icecast"
| #define PACKAGE_VERSION "2.4.4"
| #define PACKAGE_STRING "Icecast 2.4.4"
| #define PACKAGE_BUGREPORT "icecast@xiph.org"
| #define PACKAGE_URL ""
| #define PACKAGE "icecast"
| #define VERSION "2.4.4"
| #define STDC_HEADERS 1
| #define HAVE_SYS_TYPES_H 1
| #define HAVE_SYS_STAT_H 1
| #define HAVE_STDLIB_H 1
| #define HAVE_STRING_H 1
| #define HAVE_MEMORY_H 1
| #define HAVE_STRINGS_H 1
| #define HAVE_INTTYPES_H 1
| #define HAVE_STDINT_H 1
| #define HAVE_UNISTD_H 1
| #define HAVE_DLFCN_H 1
| #define LT_OBJDIR ".libs/"
| #undef _GNU_SOURCE
| #define STDC_HEADERS 1
| #define TIME_WITH_SYS_TIME 1
| #define HAVE_ALLOCA_H 1
| #define HAVE_SYS_TIMEB_H 1
| #define HAVE_PWD_H 1
| #define HAVE_UNISTD_H 1
| #define HAVE_GRP_H 1
| #define HAVE_SYS_TYPES_H 1
| #define HAVE_SETUID 1
| #define HAVE_CHROOT 1
| #define HAVE_CHOWN 1
| #define HAVE_STRCASESTR 1
| #define HAVE_LOCALTIME_R 1
| #define HAVE_POLL 1
| #define HAVE_GETTIMEOFDAY 1
| #define HAVE_FTIME 1
| #define HAVE_NANOSLEEP 1
| #define HAVE_SYS_SOCKET_H 1
| #define HAVE_SOCKLEN_T 1
| #define HAVE_SYS_SELECT_H 1
| #define HAVE_SYS_UIO_H 1
| #define HAVE_SETHOSTENT 1
| #define HAVE_GETNAMEINFO 1
| #define HAVE_ENDHOSTENT 1
| #define HAVE_GETADDRINFO 1
| #define HAVE_INET_ATON 1
| #define HAVE_WRITEV 1
| #define HAVE_STRUCT_SOCKADDR_STORAGE_SS_FAMILY 1
| #define HAVE_INET_PTON 1
| #define HAVE_XSLTSAVERESULTTOSTRING 1
| #define HAVE_OGG 1
| #define HAVE_PTHREAD_SPIN_LOCK 1
| #define HAVE_PTHREAD 1
| /* end confdefs.h.  */
| #include <openssl/ssl.h>
| int
| main ()
| {
| void *a = SSL_new
|   ;
|   return 0;
| }
configure:11492: SSL disabled!
configure:11617: checking that generated files are newer than configure
configure:11623: result: done
configure:11650: creating ./config.status

## ---------------------- ##
## Running config.status. ##
## ---------------------- ##

This file was extended by Icecast config.status 2.4.4, which was
generated by GNU Autoconf 2.69.  Invocation command line was

  CONFIG_FILES    = 
  CONFIG_HEADERS  = 
  CONFIG_LINKS    = 
  CONFIG_COMMANDS = 
  $ ./config.status 

on c3a679ea99b1

config.status:1172: creating Makefile
config.status:1172: creating conf/Makefile
config.status:1172: creating src/Makefile
config.status:1172: creating src/avl/Makefile
config.status:1172: creating src/httpp/Makefile
config.status:1172: creating src/thread/Makefile
config.status:1172: creating src/log/Makefile
config.status:1172: creating src/net/Makefile
config.status:1172: creating src/timing/Makefile
config.status:1172: creating doc/Makefile
config.status:1172: creating doc/img/Makefile
config.status:1172: creating doc/assets/Makefile
config.status:1172: creating doc/assets/css/Makefile
config.status:1172: creating doc/assets/font/Makefile
config.status:1172: creating doc/assets/img/Makefile
config.status:1172: creating web/Makefile
config.status:1172: creating admin/Makefile
config.status:1172: creating win32/Makefile
config.status:1172: creating examples/Makefile
config.status:1172: creating config.h
config.status:1401: executing depfiles commands
config.status:1478: cd src       && sed -e '/# am--include-marker/d' Makefile         | make -f - am--depfiles
config.status:1483: $? = 0
config.status:1478: cd src/avl       && sed -e '/# am--include-marker/d' Makefile         | make -f - am--depfiles
config.status:1483: $? = 0
config.status:1478: cd src/httpp       && sed -e '/# am--include-marker/d' Makefile         | make -f - am--depfiles
config.status:1483: $? = 0
config.status:1478: cd src/thread       && sed -e '/# am--include-marker/d' Makefile         | make -f - am--depfiles
config.status:1483: $? = 0
config.status:1478: cd src/log       && sed -e '/# am--include-marker/d' Makefile         | make -f - am--depfiles
config.status:1483: $? = 0
config.status:1478: cd src/net       && sed -e '/# am--include-marker/d' Makefile         | make -f - am--depfiles
config.status:1483: $? = 0
config.status:1478: cd src/timing       && sed -e '/# am--include-marker/d' Makefile         | make -f - am--depfiles
config.status:1483: $? = 0
config.status:1401: executing libtool commands

## ---------------- ##
## Cache variables. ##
## ---------------- ##

ac_cv_build=x86_64-pc-linux-gnu
ac_cv_c_compiler_gnu=yes
ac_cv_env_CC_set=
ac_cv_env_CC_value=
ac_cv_env_CFLAGS_set=
ac_cv_env_CFLAGS_value=
ac_cv_env_CPPFLAGS_set=
ac_cv_env_CPPFLAGS_value=
ac_cv_env_CPP_set=
ac_cv_env_CPP_value=
ac_cv_env_LDFLAGS_set=
ac_cv_env_LDFLAGS_value=
ac_cv_env_LIBS_set=
ac_cv_env_LIBS_value=
ac_cv_env_LT_SYS_LIBRARY_PATH_set=
ac_cv_env_LT_SYS_LIBRARY_PATH_value=
ac_cv_env_OGG_PREFIX_set=
ac_cv_env_OGG_PREFIX_value=
ac_cv_env_SPEEX_set=
ac_cv_env_SPEEX_value=
ac_cv_env_THEORA_set=
ac_cv_env_THEORA_value=
ac_cv_env_VORBIS_PREFIX_set=
ac_cv_env_VORBIS_PREFIX_value=
ac_cv_env_XSLTCONFIG_set=
ac_cv_env_XSLTCONFIG_value=
ac_cv_env_build_alias_set=
ac_cv_env_build_alias_value=
ac_cv_env_host_alias_set=
ac_cv_env_host_alias_value=
ac_cv_env_target_alias_set=
ac_cv_env_target_alias_value=
ac_cv_func_chown=yes
ac_cv_func_chroot=yes
ac_cv_func_endhostent=yes
ac_cv_func_ftime=yes
ac_cv_func_getaddrinfo=yes
ac_cv_func_gettimeofday=yes
ac_cv_func_inet_aton=yes
ac_cv_func_inet_pton=yes
ac_cv_func_localtime_r=yes
ac_cv_func_poll=yes
ac_cv_func_pthread_spin_lock=yes
ac_cv_func_setuid=yes
ac_cv_func_strcasestr=yes
ac_cv_func_writev=yes
ac_cv_func_xsltSaveResultToString=yes
ac_cv_header_alloca_h=yes
ac_cv_header_curl_curl_h=no
ac_cv_header_dlfcn_h=yes
ac_cv_header_grp_h=yes
ac_cv_header_inttypes_h=yes
ac_cv_header_memory_h=yes
ac_cv_header_pwd_h=yes
ac_cv_header_stdc=yes
ac_cv_header_stdint_h=yes
ac_cv_header_stdlib_h=yes
ac_cv_header_string_h=yes
ac_cv_header_strings_h=yes
ac_cv_header_sys_select_h=yes
ac_cv_header_sys_socket_h=yes
ac_cv_header_sys_stat_h=yes
ac_cv_header_sys_timeb_h=yes
ac_cv_header_sys_types_h=yes
ac_cv_header_sys_uio_h=yes
ac_cv_header_time=yes
ac_cv_header_unistd_h=yes
ac_cv_header_winsock2_h=no
ac_cv_host=x86_64-pc-linux-gnu
ac_cv_lib_kate_kate_decode_init=no
ac_cv_member_struct_sockaddr_storage_ss_family=yes
ac_cv_objext=o
ac_cv_path_EGREP='/usr/bin/grep -E'
ac_cv_path_FGREP='/usr/bin/grep -F'
ac_cv_path_GREP=/usr/bin/grep
ac_cv_path_PKGCONFIG=/usr/bin/pkg-config
ac_cv_path_SED=/usr/bin/sed
ac_cv_path_XSLTCONFIG=/usr/bin/xslt-config
ac_cv_path_install='/usr/bin/install -c'
ac_cv_path_lt_DD=/usr/bin/dd
ac_cv_path_mkdir=/usr/bin/mkdir
ac_cv_prog_AWK=mawk
ac_cv_prog_CPP='gcc -E'
ac_cv_prog_ac_ct_AR=ar
ac_cv_prog_ac_ct_CC=gcc
ac_cv_prog_ac_ct_OBJDUMP=objdump
ac_cv_prog_ac_ct_RANLIB=ranlib
ac_cv_prog_ac_ct_STRIP=strip
ac_cv_prog_cc_c89=
ac_cv_prog_cc_g=yes
ac_cv_prog_make_make_set=yes
ac_cv_search_getnameinfo='none required'
ac_cv_search_nanosleep='none required'
ac_cv_search_sethostent='none required'
ac_cv_sys_file_offset_bits=no
ac_cv_sys_largefile_CC=no
ac_cv_type_socklen_t=yes
am_cv_CC_dependencies_compiler_type=gcc3
am_cv_make_support_nested_variables=yes
am_cv_prog_cc_c_o=yes
lt_cv_ar_at_file=@
lt_cv_archive_cmds_need_lc=no
lt_cv_deplibs_check_method=pass_all
lt_cv_file_magic_cmd='$MAGIC_CMD'
lt_cv_file_magic_test_file=
lt_cv_ld_reload_flag=-r
lt_cv_nm_interface='BSD nm'
lt_cv_objdir=.libs
lt_cv_path_LD=/usr/bin/ld
lt_cv_path_NM='/usr/bin/nm -B'
lt_cv_path_mainfest_tool=no
lt_cv_prog_compiler_c_o=yes
lt_cv_prog_compiler_pic='-fPIC -DPIC'
lt_cv_prog_compiler_pic_works=yes
lt_cv_prog_compiler_rtti_exceptions=no
lt_cv_prog_compiler_static_works=yes
lt_cv_prog_gnu_ld=yes
lt_cv_sharedlib_from_linklib_cmd='printf %s\n'
lt_cv_shlibpath_overrides_runpath=yes
lt_cv_sys_global_symbol_pipe='sed -n -e '\''s/^.*[	 ]\([ABCDGIRSTW][ABCDGIRSTW]*\)[	 ][	 ]*\([_A-Za-z][_A-Za-z0-9]*\)$/\1 \2 \2/p'\'' | sed '\''/ __gnu_lto/d'\'''
lt_cv_sys_global_symbol_to_c_name_address='sed -n -e '\''s/^: \(.*\) .*$/  {"\1", (void *) 0},/p'\'' -e '\''s/^[ABCDGIRSTW][ABCDGIRSTW]* .* \(.*\)$/  {"\1", (void *) \&\1},/p'\'''
lt_cv_sys_global_symbol_to_c_name_address_lib_prefix='sed -n -e '\''s/^: \(.*\) .*$/  {"\1", (void *) 0},/p'\'' -e '\''s/^[ABCDGIRSTW][ABCDGIRSTW]* .* \(lib.*\)$/  {"\1", (void *) \&\1},/p'\'' -e '\''s/^[ABCDGIRSTW][ABCDGIRSTW]* .* \(.*\)$/  {"lib\1", (void *) \&\1},/p'\'''
lt_cv_sys_global_symbol_to_cdecl='sed -n -e '\''s/^T .* \(.*\)$/extern int \1();/p'\'' -e '\''s/^[ABCDGIRSTW][ABCDGIRSTW]* .* \(.*\)$/extern char \1;/p'\'''
lt_cv_sys_global_symbol_to_import=
lt_cv_sys_max_cmd_len=1572864
lt_cv_to_host_file_cmd=func_convert_file_noop
lt_cv_to_tool_file_cmd=func_convert_file_noop
lt_cv_truncate_bin='/usr/bin/dd bs=4096 count=1'
xt_cv_lib_ogg=ok

## ----------------- ##
## Output variables. ##
## ----------------- ##

ACLOCAL='${SHELL} /home/arunman_rb32/icecast-server/icecast-2.4.4/missing aclocal-1.16'
AMDEPBACKSLASH='\'
AMDEP_FALSE='#'
AMDEP_TRUE=''
AMTAR='$${TAR-tar}'
AM_BACKSLASH='\'
AM_DEFAULT_V='$(AM_DEFAULT_VERBOSITY)'
AM_DEFAULT_VERBOSITY='1'
AM_V='$(V)'
AR='ar'
AUTOCONF='${SHELL} /home/arunman_rb32/icecast-server/icecast-2.4.4/missing autoconf'
AUTOHEADER='${SHELL} /home/arunman_rb32/icecast-server/icecast-2.4.4/missing autoheader'
AUTOMAKE='${SHELL} /home/arunman_rb32/icecast-server/icecast-2.4.4/missing automake-1.16'
AWK='mawk'
CC='gcc'
CCDEPMODE='depmode=gcc3'
CFLAGS='-g -O2'
CPP='gcc -E'
CPPFLAGS=''
CURL_CFLAGS=''
CURL_CONFIG=''
CURL_LIBS=''
CYGPATH_W='echo'
DEBUG='-g'
DEFS='-DHAVE_CONFIG_H'
DEPDIR='.deps'
DLLTOOL='false'
DSYMUTIL=''
DUMPBIN=''
ECHO_C=''
ECHO_N='-n'
ECHO_T=''
EGREP='/usr/bin/grep -E'
EXEEXT=''
FGREP='/usr/bin/grep -F'
GREP='/usr/bin/grep'
HAVE_KATE=''
ICECAST_OPTIONAL=' format_vorbis.o'
INSTALL_DATA='${INSTALL} -m 644'
INSTALL_PROGRAM='${INSTALL}'
INSTALL_SCRIPT='${INSTALL}'
INSTALL_STRIP_PROGRAM='$(install_sh) -c -s'
KATE_LIBS=''
LD='/usr/bin/ld -m elf_x86_64'
LDFLAGS=''
LIBOBJS=''
LIBS=''
LIBTOOL='$(SHELL) $(top_builddir)/libtool'
LIBTOOL_DEPS='./ltmain.sh'
LIPO=''
LN_S='ln -s'
LTLIBOBJS=''
LT_SYS_LIBRARY_PATH=''
MAINT='#'
MAINTAINER_MODE_FALSE=''
MAINTAINER_MODE_TRUE='#'
MAKEINFO='${SHELL} /home/arunman_rb32/icecast-server/icecast-2.4.4/missing makeinfo'
MANIFEST_TOOL=':'
MKDIR_P='/usr/bin/mkdir -p'
NM='/usr/bin/nm -B'
NMEDIT=''
OBJDUMP='objdump'
OBJEXT='o'
OGG_CFLAGS='-I/usr/local/include'
OGG_LDFLAGS='-L/usr/local/lib'
OGG_LIBS='-logg'
OGG_PREFIX=''
OTOOL64=''
OTOOL=''
PACKAGE='icecast'
PACKAGE_BUGREPORT='icecast@xiph.org'
PACKAGE_NAME='Icecast'
PACKAGE_STRING='Icecast 2.4.4'
PACKAGE_TARNAME='icecast'
PACKAGE_URL=''
PACKAGE_VERSION='2.4.4'
PATH_SEPARATOR=':'
PKGCONFIG='/usr/bin/pkg-config'
PROFILE='-pg -g'
PTHREAD_CC='gcc'
PTHREAD_CFLAGS='-pthread'
PTHREAD_CPPFLAGS=''
PTHREAD_LIBS=''
RANLIB='ranlib'
SED='/usr/bin/sed'
SET_MAKE=''
SHELL='/bin/bash'
SPEEX=''
SPEEX_CFLAGS=''
SPEEX_LDFLAGS=''
SPEEX_LIBS=''
STRIP='strip'
THEORA=''
THEORA_CFLAGS=''
THEORA_LDFLAGS=''
THEORA_LIBS=''
VERSION='2.4.4'
VORBISENC_LIBS='-lvorbisenc'
VORBISFILE_LIBS='-lvorbisfile'
VORBIS_CFLAGS='-I/usr/local/include'
VORBIS_LDFLAGS='-L/usr/local/lib'
VORBIS_LIBS='-lvorbis -logg -lm'
VORBIS_PREFIX=''
XIPH_CFLAGS=' -pthread'
XIPH_CPPFLAGS='-Wall -ffast-math -fsigned-char -I/usr/include/libxml2 -I/usr/local/include'
XIPH_LDFLAGS=' -L/usr/local/lib'
XIPH_LIBS='  -lvorbis -logg -lm  -lxslt -lxml2 '
XSLTCONFIG='/usr/bin/xslt-config'
ac_ct_AR='ar'
ac_ct_CC='gcc'
ac_ct_DUMPBIN=''
acx_pthread_config=''
am__EXEEXT_FALSE=''
am__EXEEXT_TRUE='#'
am__fastdepCC_FALSE='#'
am__fastdepCC_TRUE=''
am__include='include'
am__isrc=''
am__leading_dot='.'
am__nodep='_no'
am__quote=''
am__tar='$${TAR-tar} chof - "$$tardir"'
am__untar='$${TAR-tar} xf -'
bindir='${exec_prefix}/bin'
build='x86_64-pc-linux-gnu'
build_alias=''
build_cpu='x86_64'
build_os='linux-gnu'
build_vendor='pc'
datadir='${datarootdir}'
datarootdir='${prefix}/share'
docdir='${datarootdir}/doc/${PACKAGE_TARNAME}'
dvidir='${docdir}'
exec_prefix='${prefix}'
host='x86_64-pc-linux-gnu'
host_alias=''
host_cpu='x86_64'
host_os='linux-gnu'
host_vendor='pc'
htmldir='${docdir}'
includedir='${prefix}/include'
infodir='${datarootdir}/info'
install_sh='${SHELL} /home/arunman_rb32/icecast-server/icecast-2.4.4/install-sh'
libdir='${exec_prefix}/lib'
libexecdir='${exec_prefix}/libexec'
localedir='${datarootdir}/locale'
localstatedir='${prefix}/var'
mandir='${datarootdir}/man'
mkdir_p='$(MKDIR_P)'
oldincludedir='/usr/include'
pdfdir='${docdir}'
prefix='/usr/local'
program_transform_name='s,x,x,'
psdir='${docdir}'
runstatedir='${localstatedir}/run'
sbindir='${exec_prefix}/sbin'
sharedstatedir='${prefix}/com'
sysconfdir='${prefix}/etc'
target_alias=''

## ----------- ##
## confdefs.h. ##
## ----------- ##

/* confdefs.h */
#define PACKAGE_NAME "Icecast"
#define PACKAGE_TARNAME "icecast"
#define PACKAGE_VERSION "2.4.4"
#define PACKAGE_STRING "Icecast 2.4.4"
#define PACKAGE_BUGREPORT "icecast@xiph.org"
#define PACKAGE_URL ""
#define PACKAGE "icecast"
#define VERSION "2.4.4"
#define STDC_HEADERS 1
#define HAVE_SYS_TYPES_H 1
#define HAVE_SYS_STAT_H 1
#define HAVE_STDLIB_H 1
#define HAVE_STRING_H 1
#define HAVE_MEMORY_H 1
#define HAVE_STRINGS_H 1
#define HAVE_INTTYPES_H 1
#define HAVE_STDINT_H 1
#define HAVE_UNISTD_H 1
#define HAVE_DLFCN_H 1
#define LT_OBJDIR ".libs/"
#undef _GNU_SOURCE
#define STDC_HEADERS 1
#define TIME_WITH_SYS_TIME 1
#define HAVE_ALLOCA_H 1
#define HAVE_SYS_TIMEB_H 1
#define HAVE_PWD_H 1
#define HAVE_UNISTD_H 1
#define HAVE_GRP_H 1
#define HAVE_SYS_TYPES_H 1
#define HAVE_SETUID 1
#define HAVE_CHROOT 1
#define HAVE_CHOWN 1
#define HAVE_STRCASESTR 1
#define HAVE_LOCALTIME_R 1
#define HAVE_POLL 1
#define HAVE_GETTIMEOFDAY 1
#define HAVE_FTIME 1
#define HAVE_NANOSLEEP 1
#define HAVE_SYS_SOCKET_H 1
#define HAVE_SOCKLEN_T 1
#define HAVE_SYS_SELECT_H 1
#define HAVE_SYS_UIO_H 1
#define HAVE_SETHOSTENT 1
#define HAVE_GETNAMEINFO 1
#define HAVE_ENDHOSTENT 1
#define HAVE_GETADDRINFO 1
#define HAVE_INET_ATON 1
#define HAVE_WRITEV 1
#define HAVE_STRUCT_SOCKADDR_STORAGE_SS_FAMILY 1
#define HAVE_INET_PTON 1
#define HAVE_XSLTSAVERESULTTOSTRING 1
#define HAVE_OGG 1
#define HAVE_PTHREAD_SPIN_LOCK 1
#define HAVE_PTHREAD 1

configure: exit 0
