This file contains any messages produced by compilers while
running configure, to aid debugging if configure makes a mistake.

It was created by icecast_auth configure 1.0, which was
generated by GNU Autoconf 2.59.  Invocation command line was

  $ ./configure 

## --------- ##
## Platform. ##
## --------- ##

hostname = c3a679ea99b1
uname -m = x86_64
uname -r = 5.4.0-96-generic
uname -s = Linux
uname -v = #109-Ubuntu SMP Wed Jan 12 16:49:16 UTC 2022

/usr/bin/uname -p = x86_64
/bin/uname -X     = unknown

/bin/arch              = x86_64
/usr/bin/arch -k       = unknown
/usr/convex/getsysinfo = unknown
hostinfo               = unknown
/bin/machine           = unknown
/usr/bin/oslevel       = unknown
/bin/universe          = unknown

PATH: /usr/local/sbin
PATH: /usr/local/bin
PATH: /usr/sbin
PATH: /usr/bin
PATH: /sbin
PATH: /bin
PATH: /home/arunman_rb32/checked_c_clang/checkedc-clang/build/bin
PATH: /home/arunman_rb32/CheckedC_with_RLBox/RL-C-Prototype/wasm2c_sandbox_compiler/build
PATH: /usr/include/libxml2
PATH: /home/arunman_rb32/simple_rlbox


## ----------- ##
## Core tests. ##
## ----------- ##

configure:1271: checking for a BSD-compatible install
configure:1326: result: /usr/bin/install -c
configure:1337: checking whether build environment is sane
configure:1380: result: yes
configure:1413: checking for gawk
configure:1442: result: no
configure:1413: checking for mawk
configure:1429: found /usr/bin/mawk
configure:1439: result: mawk
configure:1449: checking whether make sets $(MAKE)
configure:1469: result: yes
configure:1741: creating ./config.status

## ---------------------- ##
## Running config.status. ##
## ---------------------- ##

This file was extended by icecast_auth config.status 1.0, which was
generated by GNU Autoconf 2.59.  Invocation command line was

  CONFIG_FILES    = 
  CONFIG_HEADERS  = 
  CONFIG_LINKS    = 
  CONFIG_COMMANDS = 
  $ ./config.status 

on c3a679ea99b1

config.status:632: creating Makefile

## ---------------- ##
## Cache variables. ##
## ---------------- ##

ac_cv_env_build_alias_set=
ac_cv_env_build_alias_value=
ac_cv_env_host_alias_set=
ac_cv_env_host_alias_value=
ac_cv_env_target_alias_set=
ac_cv_env_target_alias_value=
ac_cv_path_install='/usr/bin/install -c'
ac_cv_prog_AWK=mawk
ac_cv_prog_make_make_set=yes

## ----------------- ##
## Output variables. ##
## ----------------- ##

ACLOCAL='${SHELL} /home/arunman_rb32/CheckedC_with_RLBox/RL-CC-Prototype/unsafe_library/icecast/examples/icecast_auth-1.0/missing --run aclocal-1.6'
AMTAR='${SHELL} /home/arunman_rb32/CheckedC_with_RLBox/RL-CC-Prototype/unsafe_library/icecast/examples/icecast_auth-1.0/missing --run tar'
AUTOCONF='${SHELL} /home/arunman_rb32/CheckedC_with_RLBox/RL-CC-Prototype/unsafe_library/icecast/examples/icecast_auth-1.0/missing --run autoconf'
AUTOHEADER='${SHELL} /home/arunman_rb32/CheckedC_with_RLBox/RL-CC-Prototype/unsafe_library/icecast/examples/icecast_auth-1.0/missing --run autoheader'
AUTOMAKE='${SHELL} /home/arunman_rb32/CheckedC_with_RLBox/RL-CC-Prototype/unsafe_library/icecast/examples/icecast_auth-1.0/missing --run automake-1.6'
AWK='mawk'
DEFS='-DPACKAGE_NAME=\"icecast_auth\" -DPACKAGE_TARNAME=\"icecast_auth\" -DPACKAGE_VERSION=\"1.0\" -DPACKAGE_STRING=\"icecast_auth\ 1.0\" -DPACKAGE_BUGREPORT=\"\" -DPACKAGE=\"icecast_auth\" -DVERSION=\"1.0\" '
ECHO_C=''
ECHO_N='-n'
ECHO_T=''
INSTALL_DATA='${INSTALL} -m 644'
INSTALL_PROGRAM='${INSTALL}'
INSTALL_SCRIPT='${INSTALL}'
INSTALL_STRIP_PROGRAM='${SHELL} $(install_sh) -c -s'
LIBOBJS=''
LIBS=''
LTLIBOBJS=''
MAKEINFO='${SHELL} /home/arunman_rb32/CheckedC_with_RLBox/RL-CC-Prototype/unsafe_library/icecast/examples/icecast_auth-1.0/missing --run makeinfo'
PACKAGE='icecast_auth'
PACKAGE_BUGREPORT=''
PACKAGE_NAME='icecast_auth'
PACKAGE_STRING='icecast_auth 1.0'
PACKAGE_TARNAME='icecast_auth'
PACKAGE_VERSION='1.0'
PATH_SEPARATOR=':'
SET_MAKE=''
SHELL='/bin/bash'
STRIP=''
VERSION='1.0'
ac_ct_STRIP=''
bindir='${exec_prefix}/bin'
build_alias=''
datadir='${prefix}/share'
exec_prefix='${prefix}'
host_alias=''
includedir='${prefix}/include'
infodir='${prefix}/info'
install_sh='/home/arunman_rb32/CheckedC_with_RLBox/RL-CC-Prototype/unsafe_library/icecast/examples/icecast_auth-1.0/install-sh'
libdir='${exec_prefix}/lib'
libexecdir='${exec_prefix}/libexec'
localstatedir='${prefix}/var'
mandir='${prefix}/man'
oldincludedir='/usr/include'
prefix='/usr/local'
program_transform_name='s,x,x,'
sbindir='${exec_prefix}/sbin'
sharedstatedir='${prefix}/com'
sysconfdir='${prefix}/etc'
target_alias=''

## ----------- ##
## confdefs.h. ##
## ----------- ##

#define PACKAGE "icecast_auth"
#define PACKAGE_BUGREPORT ""
#define PACKAGE_NAME "icecast_auth"
#define PACKAGE_STRING "icecast_auth 1.0"
#define PACKAGE_TARNAME "icecast_auth"
#define PACKAGE_VERSION "1.0"
#define VERSION "1.0"

configure: exit 0
